<?xml version="1.0" encoding="UTF-8"?>
<!-- Generated by org.testng.reporters.JUnitReportReporter -->
<testsuite hostname="DESKTOP-4H86CTH" failures="0" tests="1" name="com.runner.AdminListRunner" time="0.096" errors="0" timestamp="2021-10-24T18:22:14 EDT" skipped="0">
  <testcase classname="com.runner.AdminListRunner" name="runScenario" time="0.096"/>
  <system-out/>
</testsuite> <!-- com.runner.AdminListRunner -->
