<?xml version="1.0" encoding="UTF-8"?>
<!-- Generated by org.testng.reporters.JUnitReportReporter -->
<testsuite skipped="0" hostname="DESKTOP-4H86CTH" name="com.runner.AdminListRunner" tests="1" failures="0" timestamp="2021-10-24T18:29:16 EDT" time="0.081" errors="0">
  <testcase name="runScenario" time="0.081" classname="com.runner.AdminListRunner"/>
  <system-out/>
</testsuite> <!-- com.runner.AdminListRunner -->
